This is pdfTeX, Version 3.14159265-2.6-1.40.16 (TeX Live 2015) (preloaded format=pdflatex 2016.5.20)  3 APR 2018 14:48
entering extended mode
 restricted \write18 enabled.
 file:line:error style messages enabled.
 %&-line parsing enabled.
**Principal.tex
(./Principal.tex
LaTeX2e <2015/01/01>
Babel <3.9l> and hyphenation patterns for 79 languages loaded.
(/usr/local/texlive/2015/texmf-dist/tex/latex/base/book.cls
Document Class: book 2014/09/29 v1.4h Standard LaTeX document class
(/usr/local/texlive/2015/texmf-dist/tex/latex/base/bk12.clo
File: bk12.clo 2014/09/29 v1.4h Standard LaTeX file (size option)
)
\c@part=\count79
\c@chapter=\count80
\c@section=\count81
\c@subsection=\count82
\c@subsubsection=\count83
\c@paragraph=\count84
\c@subparagraph=\count85
\c@figure=\count86
\c@table=\count87
\abovecaptionskip=\skip41
\belowcaptionskip=\skip42
\bibindent=\dimen102
)
(./Configuracion/paquetes.tex
(/usr/local/texlive/2015/texmf-dist/tex/latex/type1cm/type1cm.sty
Package: type1cm 2002/09/05 v0.04 BlueSky/Y&Y Type1 CM font definitions (DPC, p
atched RF)
)
(/usr/local/texlive/2015/texmf-dist/tex/generic/babel/babel.sty
Package: babel 2014/09/25 3.9l The Babel package

(/usr/local/texlive/2015/texmf-dist/tex/generic/babel-spanish/spanish.ldf
Language: spanish.ldf 2014/04/24 v5.0n Spanish support from the babel system

(/usr/local/texlive/2015/texmf-dist/tex/generic/babel/babel.def
File: babel.def 2014/09/25 3.9l Babel common definitions
\babel@savecnt=\count88
\U@D=\dimen103
)
\es@quottoks=\toks14
\es@quotdepth=\count89
Package babel Info: Making " an active character on input line 516.
Package babel Info: Making . an active character on input line 617.
Package babel Info: Making < an active character on input line 662.
Package babel Info: Making > an active character on input line 662.
))
(/usr/local/texlive/2015/texmf-dist/tex/latex/base/fontenc.sty
Package: fontenc 2005/09/27 v1.99g Standard LaTeX package

(/usr/local/texlive/2015/texmf-dist/tex/latex/base/t1enc.def
File: t1enc.def 2005/09/27 v1.99g Standard LaTeX file
LaTeX Font Info:    Redeclaring font encoding T1 on input line 48.
))
(/usr/local/texlive/2015/texmf-dist/tex/latex/base/fix-cm.sty
Package: fix-cm 2015/01/14 v1.1t fixes to LaTeX

(/usr/local/texlive/2015/texmf-dist/tex/latex/base/ts1enc.def
File: ts1enc.def 2001/06/05 v3.0e (jk/car/fm) Standard LaTeX file
))
(/usr/local/texlive/2015/texmf-dist/tex/latex/base/inputenc.sty
Package: inputenc 2015/03/17 v1.2c Input encoding file
\inpenc@prehook=\toks15
\inpenc@posthook=\toks16

(/usr/local/texlive/2015/texmf-dist/tex/latex/base/latin1.def
File: latin1.def 2015/03/17 v1.2c Input encoding file
))
(/usr/local/texlive/2015/texmf-dist/tex/latex/graphics/graphicx.sty
Package: graphicx 2014/10/28 v1.0g Enhanced LaTeX Graphics (DPC,SPQR)

(/usr/local/texlive/2015/texmf-dist/tex/latex/graphics/keyval.sty
Package: keyval 2014/10/28 v1.15 key=value parser (DPC)
\KV@toks@=\toks17
)
(/usr/local/texlive/2015/texmf-dist/tex/latex/graphics/graphics.sty
Package: graphics 2014/10/28 v1.0p Standard LaTeX Graphics (DPC,SPQR)

(/usr/local/texlive/2015/texmf-dist/tex/latex/graphics/trig.sty
Package: trig 1999/03/16 v1.09 sin cos tan (DPC)
)
(/usr/local/texlive/2015/texmf-dist/tex/latex/latexconfig/graphics.cfg
File: graphics.cfg 2010/04/23 v1.9 graphics configuration of TeX Live
)
Package graphics Info: Driver file: pdftex.def on input line 94.

(/usr/local/texlive/2015/texmf-dist/tex/latex/pdftex-def/pdftex.def
File: pdftex.def 2011/05/27 v0.06d Graphics/color for pdfTeX

(/usr/local/texlive/2015/texmf-dist/tex/generic/oberdiek/infwarerr.sty
Package: infwarerr 2010/04/08 v1.3 Providing info/warning/error messages (HO)
)
(/usr/local/texlive/2015/texmf-dist/tex/generic/oberdiek/ltxcmds.sty
Package: ltxcmds 2011/11/09 v1.22 LaTeX kernel commands for general use (HO)
)
\Gread@gobject=\count90
))
\Gin@req@height=\dimen104
\Gin@req@width=\dimen105
)
(/usr/local/texlive/2015/texmf-dist/tex/latex/fancyhdr/fancyhdr.sty
\fancy@headwidth=\skip43
\f@ncyO@elh=\skip44
\f@ncyO@erh=\skip45
\f@ncyO@olh=\skip46
\f@ncyO@orh=\skip47
\f@ncyO@elf=\skip48
\f@ncyO@erf=\skip49
\f@ncyO@olf=\skip50
\f@ncyO@orf=\skip51
)
(/usr/local/texlive/2015/texmf-dist/tex/latex/hyperref/hyperref.sty
Package: hyperref 2012/11/06 v6.83m Hypertext links for LaTeX

(/usr/local/texlive/2015/texmf-dist/tex/generic/oberdiek/hobsub-hyperref.sty
Package: hobsub-hyperref 2012/05/28 v1.13 Bundle oberdiek, subset hyperref (HO)


(/usr/local/texlive/2015/texmf-dist/tex/generic/oberdiek/hobsub-generic.sty
Package: hobsub-generic 2012/05/28 v1.13 Bundle oberdiek, subset generic (HO)
Package: hobsub 2012/05/28 v1.13 Construct package bundles (HO)
Package hobsub Info: Skipping package `infwarerr' (already loaded).
Package hobsub Info: Skipping package `ltxcmds' (already loaded).
Package: ifluatex 2010/03/01 v1.3 Provides the ifluatex switch (HO)
Package ifluatex Info: LuaTeX not detected.
Package: ifvtex 2010/03/01 v1.5 Detect VTeX and its facilities (HO)
Package ifvtex Info: VTeX not detected.
Package: intcalc 2007/09/27 v1.1 Expandable calculations with integers (HO)
Package: ifpdf 2011/01/30 v2.3 Provides the ifpdf switch (HO)
Package ifpdf Info: pdfTeX in PDF mode is detected.
Package: etexcmds 2011/02/16 v1.5 Avoid name clashes with e-TeX commands (HO)
Package etexcmds Info: Could not find \expanded.
(etexcmds)             That can mean that you are not using pdfTeX 1.50 or
(etexcmds)             that some package has redefined \expanded.
(etexcmds)             In the latter case, load this package earlier.
Package: kvsetkeys 2012/04/25 v1.16 Key value parser (HO)
Package: kvdefinekeys 2011/04/07 v1.3 Define keys (HO)
Package: pdftexcmds 2011/11/29 v0.20 Utility functions of pdfTeX for LuaTeX (HO
)
Package pdftexcmds Info: LuaTeX not detected.
Package pdftexcmds Info: \pdf@primitive is available.
Package pdftexcmds Info: \pdf@ifprimitive is available.
Package pdftexcmds Info: \pdfdraftmode found.
Package: pdfescape 2011/11/25 v1.13 Implements pdfTeX's escape features (HO)
Package: bigintcalc 2012/04/08 v1.3 Expandable calculations on big integers (HO
)
Package: bitset 2011/01/30 v1.1 Handle bit-vector datatype (HO)
Package: uniquecounter 2011/01/30 v1.2 Provide unlimited unique counter (HO)
)
Package hobsub Info: Skipping package `hobsub' (already loaded).
Package: letltxmacro 2010/09/02 v1.4 Let assignment for LaTeX macros (HO)
Package: hopatch 2012/05/28 v1.2 Wrapper for package hooks (HO)
Package: xcolor-patch 2011/01/30 xcolor patch
Package: atveryend 2011/06/30 v1.8 Hooks at the very end of document (HO)
Package atveryend Info: \enddocument detected (standard20110627).
Package: atbegshi 2011/10/05 v1.16 At begin shipout hook (HO)
Package: refcount 2011/10/16 v3.4 Data extraction from label references (HO)
Package: hycolor 2011/01/30 v1.7 Color options for hyperref/bookmark (HO)
)
(/usr/local/texlive/2015/texmf-dist/tex/generic/ifxetex/ifxetex.sty
Package: ifxetex 2010/09/12 v0.6 Provides ifxetex conditional
)
(/usr/local/texlive/2015/texmf-dist/tex/latex/oberdiek/auxhook.sty
Package: auxhook 2011/03/04 v1.3 Hooks for auxiliary files (HO)
)
(/usr/local/texlive/2015/texmf-dist/tex/latex/oberdiek/kvoptions.sty
Package: kvoptions 2011/06/30 v3.11 Key value format for package options (HO)
)
\@linkdim=\dimen106
\Hy@linkcounter=\count91
\Hy@pagecounter=\count92

(/usr/local/texlive/2015/texmf-dist/tex/latex/hyperref/pd1enc.def
File: pd1enc.def 2012/11/06 v6.83m Hyperref: PDFDocEncoding definition (HO)
)
\Hy@SavedSpaceFactor=\count93

(/usr/local/texlive/2015/texmf-dist/tex/latex/latexconfig/hyperref.cfg
File: hyperref.cfg 2002/06/06 v1.2 hyperref configuration of TeXLive
)
Package hyperref Info: Option `colorlinks' set `true' on input line 4319.
Package hyperref Info: Hyper figures OFF on input line 4443.
Package hyperref Info: Link nesting OFF on input line 4448.
Package hyperref Info: Hyper index ON on input line 4451.
Package hyperref Info: Plain pages OFF on input line 4458.
Package hyperref Info: Backreferencing OFF on input line 4463.
Package hyperref Info: Implicit mode ON; LaTeX internals redefined.
Package hyperref Info: Bookmarks ON on input line 4688.
\c@Hy@tempcnt=\count94

(/usr/local/texlive/2015/texmf-dist/tex/latex/url/url.sty
\Urlmuskip=\muskip10
Package: url 2013/09/16  ver 3.4  Verb mode for urls, etc.
)
LaTeX Info: Redefining \url on input line 5041.
\XeTeXLinkMargin=\dimen107
\Fld@menulength=\count95
\Field@Width=\dimen108
\Fld@charsize=\dimen109
Package hyperref Info: Hyper figures OFF on input line 6295.
Package hyperref Info: Link nesting OFF on input line 6300.
Package hyperref Info: Hyper index ON on input line 6303.
Package hyperref Info: backreferencing OFF on input line 6310.
Package hyperref Info: Link coloring ON on input line 6313.
Package hyperref Info: Link coloring with OCG OFF on input line 6320.
Package hyperref Info: PDF/A mode OFF on input line 6325.
LaTeX Info: Redefining \ref on input line 6365.
LaTeX Info: Redefining \pageref on input line 6369.
\Hy@abspage=\count96
\c@Item=\count97
\c@Hfootnote=\count98
)

Package hyperref Message: Driver (autodetected): hpdftex.

(/usr/local/texlive/2015/texmf-dist/tex/latex/hyperref/hpdftex.def
File: hpdftex.def 2012/11/06 v6.83m Hyperref driver for pdfTeX
\Fld@listcount=\count99
\c@bookmark@seq@number=\count100

(/usr/local/texlive/2015/texmf-dist/tex/latex/oberdiek/rerunfilecheck.sty
Package: rerunfilecheck 2011/04/15 v1.7 Rerun checks for auxiliary files (HO)
Package uniquecounter Info: New unique counter `rerunfilecheck' on input line 2
82.
)
\Hy@SectionHShift=\skip52
)
(/usr/local/texlive/2015/texmf-dist/tex/latex/lettrine/lettrine.sty
File: lettrine.sty 2015/02/16 v1.8 (Daniel Flipo)
\c@DefaultLines=\count101
\c@DefaultDepth=\count102
\DefaultFindent=\dimen110
\DefaultNindent=\dimen111
\DefaultSlope=\dimen112
\DiscardVskip=\dimen113
\L@lbox=\box26
\L@tbox=\box27
\c@L@lines=\count103
\c@L@depth=\count104
\L@Pindent=\dimen114
\L@Findent=\dimen115
\L@Nindent=\dimen116
\L@lraise=\dimen117
\L@first=\dimen118
\L@next=\dimen119
\L@slope=\dimen120
\L@height=\dimen121
\L@novskip=\dimen122
\LettrineWidth=\dimen123
\LettrineHeight=\dimen124
\LettrineDepth=\dimen125

Loading lettrine.cfg
(/usr/local/texlive/2015/texmf-dist/tex/latex/lettrine/lettrine.cfg))
(/usr/local/texlive/2015/texmf-dist/tex/latex/booktabs/booktabs.sty
Package: booktabs 2005/04/14 v1.61803 publication quality tables
\heavyrulewidth=\dimen126
\lightrulewidth=\dimen127
\cmidrulewidth=\dimen128
\belowrulesep=\dimen129
\belowbottomsep=\dimen130
\aboverulesep=\dimen131
\abovetopsep=\dimen132
\cmidrulesep=\dimen133
\cmidrulekern=\dimen134
\defaultaddspace=\dimen135
\@cmidla=\count105
\@cmidlb=\count106
\@aboverulesep=\dimen136
\@belowrulesep=\dimen137
\@thisruleclass=\count107
\@lastruleclass=\count108
\@thisrulewidth=\dimen138
)
(/usr/local/texlive/2015/texmf-dist/tex/latex/rotating/rotating.sty
Package: rotating 2009/03/28 v2.16a rotated objects in LaTeX

(/usr/local/texlive/2015/texmf-dist/tex/latex/base/ifthen.sty
Package: ifthen 2014/09/29 v1.1c Standard LaTeX ifthen package (DPC)
)
\c@r@tfl@t=\count109
\rotFPtop=\skip53
\rotFPbot=\skip54
\rot@float@box=\box28
\rot@mess@toks=\toks18
)
(/usr/local/texlive/2015/texmf-dist/tex/latex/graphics/color.sty
Package: color 2014/10/28 v1.1a Standard LaTeX Color (DPC)

(/usr/local/texlive/2015/texmf-dist/tex/latex/latexconfig/color.cfg
File: color.cfg 2007/01/18 v1.5 color configuration of teTeX/TeXLive
)
Package color Info: Driver file: pdftex.def on input line 142.
)
(/usr/local/texlive/2015/texmf-dist/tex/latex/algorithms/algorithm.sty
Package: algorithm 2009/08/24 v0.1 Document Style `algorithm' - floating enviro
nment

(/usr/local/texlive/2015/texmf-dist/tex/latex/float/float.sty
Package: float 2001/11/08 v1.3d Float enhancements (AL)
\c@float@type=\count110
\float@exts=\toks19
\float@box=\box29
\@float@everytoks=\toks20
\@floatcapt=\box30
)
\@float@every@algorithm=\toks21
\c@algorithm=\count111
)
(/usr/local/texlive/2015/texmf-dist/tex/latex/algorithmicx/algpseudocode.sty
Package: algpseudocode 

(/usr/local/texlive/2015/texmf-dist/tex/latex/algorithmicx/algorithmicx.sty
Package: algorithmicx 2005/04/27 v1.2 Algorithmicx

Document Style algorithmicx 1.2 - a greatly improved `algorithmic' style
\c@ALG@line=\count112
\c@ALG@rem=\count113
\c@ALG@nested=\count114
\ALG@tlm=\skip55
\ALG@thistlm=\skip56
\c@ALG@Lnr=\count115
\c@ALG@blocknr=\count116
\c@ALG@storecount=\count117
\c@ALG@tmpcounter=\count118
\ALG@tmplength=\skip57
)
Document Style - pseudocode environments for use with the `algorithmicx' style
) (/usr/local/texlive/2015/texmf-dist/tex/latex/listings/listings.sty
\lst@mode=\count119
\lst@gtempboxa=\box31
\lst@token=\toks22
\lst@length=\count120
\lst@currlwidth=\dimen139
\lst@column=\count121
\lst@pos=\count122
\lst@lostspace=\dimen140
\lst@width=\dimen141
\lst@newlines=\count123
\lst@lineno=\count124
\lst@maxwidth=\dimen142

(/usr/local/texlive/2015/texmf-dist/tex/latex/listings/lstmisc.sty
File: lstmisc.sty 2014/09/06 1.5e (Carsten Heinz)
\c@lstnumber=\count125
\lst@skipnumbers=\count126
\lst@framebox=\box32
)
(/usr/local/texlive/2015/texmf-dist/tex/latex/listings/listings.cfg
File: listings.cfg 2014/09/06 1.5e listings configuration
))
Package: listings 2014/09/06 1.5e (Carsten Heinz)

(/usr/local/texlive/2015/texmf-dist/tex/latex/listings/lstlang1.sty
File: lstlang1.sty 2014/09/06 1.5e listings language file
)
(/usr/local/texlive/2015/texmf-dist/tex/latex/listings/lstlang2.sty
File: lstlang2.sty 2014/09/06 1.5e listings language file
)
(/usr/local/texlive/2015/texmf-dist/tex/latex/listings/lstlang3.sty
File: lstlang3.sty 2014/09/06 1.5e listings language file
)
(/usr/local/texlive/2015/texmf-dist/tex/generic/ulem/ulem.sty
\UL@box=\box33
\UL@hyphenbox=\box34
\UL@skip=\skip58
\UL@hook=\toks23
\UL@height=\dimen143
\UL@pe=\count127
\UL@pixel=\dimen144
\ULC@box=\box35
Package: ulem 2012/05/18
\ULdepth=\dimen145
))
(./Configuracion/config.tex) (./Configuracion/formato.tex)
(./Configuracion/separaciones.tex) (./Configuracion/castellano.tex)
(./Principal.aux
LaTeX Info: Redefining \. on input line 23.
LaTeX Info: Redefining \% on input line 23.
)
\openout1 = `Principal.aux'.

LaTeX Font Info:    Checking defaults for OML/cmm/m/it on input line 20.
LaTeX Font Info:    ... okay on input line 20.
LaTeX Font Info:    Checking defaults for T1/cmr/m/n on input line 20.
LaTeX Font Info:    ... okay on input line 20.
LaTeX Font Info:    Checking defaults for OT1/cmr/m/n on input line 20.
LaTeX Font Info:    ... okay on input line 20.
LaTeX Font Info:    Checking defaults for OMS/cmsy/m/n on input line 20.
LaTeX Font Info:    ... okay on input line 20.
LaTeX Font Info:    Checking defaults for OMX/cmex/m/n on input line 20.
LaTeX Font Info:    ... okay on input line 20.
LaTeX Font Info:    Checking defaults for U/cmr/m/n on input line 20.
LaTeX Font Info:    ... okay on input line 20.
LaTeX Font Info:    Checking defaults for TS1/cmr/m/n on input line 20.
LaTeX Font Info:    ... okay on input line 20.
LaTeX Font Info:    Checking defaults for PD1/pdf/m/n on input line 20.
LaTeX Font Info:    ... okay on input line 20.
LaTeX Info: Redefining \. on input line 20.
LaTeX Info: Redefining \% on input line 20.

(/usr/local/texlive/2015/texmf-dist/tex/context/base/supp-pdf.mkii
[Loading MPS to PDF converter (version 2006.09.02).]
\scratchcounter=\count128
\scratchdimen=\dimen146
\scratchbox=\box36
\nofMPsegments=\count129
\nofMParguments=\count130
\everyMPshowfont=\toks24
\MPscratchCnt=\count131
\MPscratchDim=\dimen147
\MPnumerator=\count132
\makeMPintoPDFobject=\count133
\everyMPtoPDFconversion=\toks25
) (/usr/local/texlive/2015/texmf-dist/tex/latex/oberdiek/epstopdf-base.sty
Package: epstopdf-base 2010/02/09 v2.5 Base part for package epstopdf

(/usr/local/texlive/2015/texmf-dist/tex/latex/oberdiek/grfext.sty
Package: grfext 2010/08/19 v1.1 Manage graphics extensions (HO)
)
Package grfext Info: Graphics extension search list:
(grfext)             [.png,.pdf,.jpg,.mps,.jpeg,.jbig2,.jb2,.PNG,.PDF,.JPG,.JPE
G,.JBIG2,.JB2,.eps]
(grfext)             \AppendGraphicsExtensions on input line 452.

(/usr/local/texlive/2015/texmf-dist/tex/latex/latexconfig/epstopdf-sys.cfg
File: epstopdf-sys.cfg 2010/07/13 v1.3 Configuration of (r)epstopdf for TeX Liv
e
))
\AtBeginShipoutBox=\box37
Package hyperref Info: Link coloring ON on input line 20.

(/usr/local/texlive/2015/texmf-dist/tex/latex/hyperref/nameref.sty
Package: nameref 2012/10/27 v2.43 Cross-referencing by name of section

(/usr/local/texlive/2015/texmf-dist/tex/generic/oberdiek/gettitlestring.sty
Package: gettitlestring 2010/12/03 v1.4 Cleanup title references (HO)
)
\c@section@level=\count134
)
LaTeX Info: Redefining \ref on input line 20.
LaTeX Info: Redefining \pageref on input line 20.
LaTeX Info: Redefining \nameref on input line 20.

(./Principal.out) (./Principal.out)
\@outlinefile=\write3
\openout3 = `Principal.out'.

\c@lstlisting=\count135
 (./Prefacio/portada.tex
\centeroffset=\skip59

<./Prefacio/imagenes/logo_ugr.jpg, id=96, 777.90625pt x 231.86626pt>
File: ./Prefacio/imagenes/logo_ugr.jpg Graphic file (type jpg)

<use ./Prefacio/imagenes/logo_ugr.jpg>
Package pdftex.def Info: ./Prefacio/imagenes/logo_ugr.jpg used on input line 11
.
(pdftex.def)             Requested size: 272.99881pt x 81.37375pt.

<./Prefacio/imagenes/etsiit_logo.png, id=97, 110.814pt x 40.4712pt>
File: ./Prefacio/imagenes/etsiit_logo.png Graphic file (type png)

<use ./Prefacio/imagenes/etsiit_logo.png>
Package pdftex.def Info: ./Prefacio/imagenes/etsiit_logo.png used on input line
 26.
(pdftex.def)             Requested size: 117.00119pt x 42.7313pt.
Package babel Info: Redefining spanish shorthand <<
(babel)             in language  on input line 32.
Package babel Info: Redefining spanish shorthand >>
(babel)             in language  on input line 32.
Package babel Info: Redefining spanish shorthand "=
(babel)             in language  on input line 32.
Package babel Info: Redefining spanish shorthand "~
(babel)             in language  on input line 32.
Package babel Info: Redefining spanish shorthand "!
(babel)             in language  on input line 32.
Package babel Info: Redefining spanish shorthand "?
(babel)             in language  on input line 32.
Package babel Info: Redefining spanish shorthand <<
(babel)             in language  on input line 32.
Package babel Info: Redefining spanish shorthand >>
(babel)             in language  on input line 32.
Package babel Info: Redefining spanish shorthand "=
(babel)             in language  on input line 32.
Package babel Info: Redefining spanish shorthand "~
(babel)             in language  on input line 32.
Package babel Info: Redefining spanish shorthand "!
(babel)             in language  on input line 32.
Package babel Info: Redefining spanish shorthand "?
(babel)             in language  on input line 32.
 [1


{/usr/local/texlive/2015/texmf-var/fonts/map/pdftex/updmap/pdftex.map} <./Prefa
cio/imagenes/logo_ugr.jpg> <./Prefacio/imagenes/etsiit_logo.png>]) (./Principal
.toc
LaTeX Info: Redefining \. on input line 1.
LaTeX Info: Redefining \% on input line 1.
Package babel Info: Redefining spanish shorthand <<
(babel)             in language  on input line 22.
Package babel Info: Redefining spanish shorthand >>
(babel)             in language  on input line 22.
Package babel Info: Redefining spanish shorthand "=
(babel)             in language  on input line 22.
Package babel Info: Redefining spanish shorthand "~
(babel)             in language  on input line 22.
Package babel Info: Redefining spanish shorthand "!
(babel)             in language  on input line 22.
Package babel Info: Redefining spanish shorthand "?
(babel)             in language  on input line 22.
Package babel Info: Redefining spanish shorthand <<
(babel)             in language  on input line 22.
Package babel Info: Redefining spanish shorthand >>
(babel)             in language  on input line 22.
Package babel Info: Redefining spanish shorthand "=
(babel)             in language  on input line 22.
Package babel Info: Redefining spanish shorthand "~
(babel)             in language  on input line 22.
Package babel Info: Redefining spanish shorthand "!
(babel)             in language  on input line 22.
Package babel Info: Redefining spanish shorthand "?
(babel)             in language  on input line 22.
 [1



])
\tf@toc=\write4
\openout4 = `Principal.toc'.

LaTeX Info: Redefining \. on input line 35.
LaTeX Info: Redefining \% on input line 35.
LaTeX Info: Redefining \. on input line 35.
LaTeX Info: Redefining \% on input line 35.
Package babel Info: Redefining spanish shorthand <<
(babel)             in language  on input line 35.
Package babel Info: Redefining spanish shorthand >>
(babel)             in language  on input line 35.
Package babel Info: Redefining spanish shorthand "=
(babel)             in language  on input line 35.
Package babel Info: Redefining spanish shorthand "~
(babel)             in language  on input line 35.
Package babel Info: Redefining spanish shorthand "!
(babel)             in language  on input line 35.
Package babel Info: Redefining spanish shorthand "?
(babel)             in language  on input line 35.
Package babel Info: Redefining spanish shorthand <<
(babel)             in language  on input line 35.
Package babel Info: Redefining spanish shorthand >>
(babel)             in language  on input line 35.
Package babel Info: Redefining spanish shorthand "=
(babel)             in language  on input line 35.
Package babel Info: Redefining spanish shorthand "~
(babel)             in language  on input line 35.
Package babel Info: Redefining spanish shorthand "!
(babel)             in language  on input line 35.
Package babel Info: Redefining spanish shorthand "?
(babel)             in language  on input line 35.
 [2] (./Principal.lof
LaTeX Info: Redefining \. on input line 1.
LaTeX Info: Redefining \% on input line 1.
)
\tf@lof=\write5
\openout5 = `Principal.lof'.

Package babel Info: Redefining spanish shorthand <<
(babel)             in language  on input line 36.
Package babel Info: Redefining spanish shorthand >>
(babel)             in language  on input line 36.
Package babel Info: Redefining spanish shorthand "=
(babel)             in language  on input line 36.
Package babel Info: Redefining spanish shorthand "~
(babel)             in language  on input line 36.
Package babel Info: Redefining spanish shorthand "!
(babel)             in language  on input line 36.
Package babel Info: Redefining spanish shorthand "?
(babel)             in language  on input line 36.
Package babel Info: Redefining spanish shorthand <<
(babel)             in language  on input line 36.
Package babel Info: Redefining spanish shorthand >>
(babel)             in language  on input line 36.
Package babel Info: Redefining spanish shorthand "=
(babel)             in language  on input line 36.
Package babel Info: Redefining spanish shorthand "~
(babel)             in language  on input line 36.
Package babel Info: Redefining spanish shorthand "!
(babel)             in language  on input line 36.
Package babel Info: Redefining spanish shorthand "?
(babel)             in language  on input line 36.

[3

] (./Principal.lot
LaTeX Info: Redefining \. on input line 1.
LaTeX Info: Redefining \% on input line 1.
)
\tf@lot=\write6
\openout6 = `Principal.lot'.

 (./Capitulo1/capitulo1.tex
Package babel Info: Redefining spanish shorthand <<
(babel)             in language  on input line 7.
Package babel Info: Redefining spanish shorthand >>
(babel)             in language  on input line 7.
Package babel Info: Redefining spanish shorthand "=
(babel)             in language  on input line 7.
Package babel Info: Redefining spanish shorthand "~
(babel)             in language  on input line 7.
Package babel Info: Redefining spanish shorthand "!
(babel)             in language  on input line 7.
Package babel Info: Redefining spanish shorthand "?
(babel)             in language  on input line 7.
Package babel Info: Redefining spanish shorthand <<
(babel)             in language  on input line 7.
Package babel Info: Redefining spanish shorthand >>
(babel)             in language  on input line 7.
Package babel Info: Redefining spanish shorthand "=
(babel)             in language  on input line 7.
Package babel Info: Redefining spanish shorthand "~
(babel)             in language  on input line 7.
Package babel Info: Redefining spanish shorthand "!
(babel)             in language  on input line 7.
Package babel Info: Redefining spanish shorthand "?
(babel)             in language  on input line 7.
 [4

]
Cap\'{\i }tulo 1.
Package babel Info: Redefining spanish shorthand <<
(babel)             in language  on input line 7.
Package babel Info: Redefining spanish shorthand >>
(babel)             in language  on input line 7.
Package babel Info: Redefining spanish shorthand "=
(babel)             in language  on input line 7.
Package babel Info: Redefining spanish shorthand "~
(babel)             in language  on input line 7.
Package babel Info: Redefining spanish shorthand "!
(babel)             in language  on input line 7.
Package babel Info: Redefining spanish shorthand "?
(babel)             in language  on input line 7.
Package babel Info: Redefining spanish shorthand <<
(babel)             in language  on input line 11.
Package babel Info: Redefining spanish shorthand >>
(babel)             in language  on input line 11.
Package babel Info: Redefining spanish shorthand "=
(babel)             in language  on input line 11.
Package babel Info: Redefining spanish shorthand "~
(babel)             in language  on input line 11.
Package babel Info: Redefining spanish shorthand "!
(babel)             in language  on input line 11.
Package babel Info: Redefining spanish shorthand "?
(babel)             in language  on input line 11.
Package babel Info: Redefining spanish shorthand <<
(babel)             in language  on input line 19.
Package babel Info: Redefining spanish shorthand >>
(babel)             in language  on input line 19.
Package babel Info: Redefining spanish shorthand "=
(babel)             in language  on input line 19.
Package babel Info: Redefining spanish shorthand "~
(babel)             in language  on input line 19.
Package babel Info: Redefining spanish shorthand "!
(babel)             in language  on input line 19.
Package babel Info: Redefining spanish shorthand "?
(babel)             in language  on input line 19.
Package babel Info: Redefining spanish shorthand <<
(babel)             in language  on input line 19.
Package babel Info: Redefining spanish shorthand >>
(babel)             in language  on input line 19.
Package babel Info: Redefining spanish shorthand "=
(babel)             in language  on input line 19.
Package babel Info: Redefining spanish shorthand "~
(babel)             in language  on input line 19.
Package babel Info: Redefining spanish shorthand "!
(babel)             in language  on input line 19.
Package babel Info: Redefining spanish shorthand "?
(babel)             in language  on input line 19.
[5

]
Package babel Info: Redefining spanish shorthand <<
(babel)             in language  on input line 21.
Package babel Info: Redefining spanish shorthand >>
(babel)             in language  on input line 21.
Package babel Info: Redefining spanish shorthand "=
(babel)             in language  on input line 21.
Package babel Info: Redefining spanish shorthand "~
(babel)             in language  on input line 21.
Package babel Info: Redefining spanish shorthand "!
(babel)             in language  on input line 21.
Package babel Info: Redefining spanish shorthand "?
(babel)             in language  on input line 21.
Package babel Info: Redefining spanish shorthand <<
(babel)             in language  on input line 31.
Package babel Info: Redefining spanish shorthand >>
(babel)             in language  on input line 31.
Package babel Info: Redefining spanish shorthand "=
(babel)             in language  on input line 31.
Package babel Info: Redefining spanish shorthand "~
(babel)             in language  on input line 31.
Package babel Info: Redefining spanish shorthand "!
(babel)             in language  on input line 31.
Package babel Info: Redefining spanish shorthand "?
(babel)             in language  on input line 31.
Package babel Info: Redefining spanish shorthand <<
(babel)             in language  on input line 35.
Package babel Info: Redefining spanish shorthand >>
(babel)             in language  on input line 35.
Package babel Info: Redefining spanish shorthand "=
(babel)             in language  on input line 35.
Package babel Info: Redefining spanish shorthand "~
(babel)             in language  on input line 35.
Package babel Info: Redefining spanish shorthand "!
(babel)             in language  on input line 35.
Package babel Info: Redefining spanish shorthand "?
(babel)             in language  on input line 35.
LaTeX Info: Redefining \. on input line 39.
LaTeX Info: Redefining \% on input line 39.
LaTeX Info: Redefining \. on input line 39.
LaTeX Info: Redefining \% on input line 39.
Package babel Info: Redefining spanish shorthand <<
(babel)             in language  on input line 39.
Package babel Info: Redefining spanish shorthand >>
(babel)             in language  on input line 39.
Package babel Info: Redefining spanish shorthand "=
(babel)             in language  on input line 39.
Package babel Info: Redefining spanish shorthand "~
(babel)             in language  on input line 39.
Package babel Info: Redefining spanish shorthand "!
(babel)             in language  on input line 39.
Package babel Info: Redefining spanish shorthand "?
(babel)             in language  on input line 39.
Package babel Info: Redefining spanish shorthand <<
(babel)             in language  on input line 39.
Package babel Info: Redefining spanish shorthand >>
(babel)             in language  on input line 39.
Package babel Info: Redefining spanish shorthand "=
(babel)             in language  on input line 39.
Package babel Info: Redefining spanish shorthand "~
(babel)             in language  on input line 39.
Package babel Info: Redefining spanish shorthand "!
(babel)             in language  on input line 39.
Package babel Info: Redefining spanish shorthand "?
(babel)             in language  on input line 39.
 [6]
Package babel Info: Redefining spanish shorthand <<
(babel)             in language  on input line 39.
Package babel Info: Redefining spanish shorthand >>
(babel)             in language  on input line 39.
Package babel Info: Redefining spanish shorthand "=
(babel)             in language  on input line 39.
Package babel Info: Redefining spanish shorthand "~
(babel)             in language  on input line 39.
Package babel Info: Redefining spanish shorthand "!
(babel)             in language  on input line 39.
Package babel Info: Redefining spanish shorthand "?
(babel)             in language  on input line 39.
Package babel Info: Redefining spanish shorthand <<
(babel)             in language  on input line 42.
Package babel Info: Redefining spanish shorthand >>
(babel)             in language  on input line 42.
Package babel Info: Redefining spanish shorthand "=
(babel)             in language  on input line 42.
Package babel Info: Redefining spanish shorthand "~
(babel)             in language  on input line 42.
Package babel Info: Redefining spanish shorthand "!
(babel)             in language  on input line 42.
Package babel Info: Redefining spanish shorthand "?
(babel)             in language  on input line 42.
Package babel Info: Redefining spanish shorthand <<
(babel)             in language  on input line 52.
Package babel Info: Redefining spanish shorthand >>
(babel)             in language  on input line 52.
Package babel Info: Redefining spanish shorthand "=
(babel)             in language  on input line 52.
Package babel Info: Redefining spanish shorthand "~
(babel)             in language  on input line 52.
Package babel Info: Redefining spanish shorthand "!
(babel)             in language  on input line 52.
Package babel Info: Redefining spanish shorthand "?
(babel)             in language  on input line 52.
LaTeX Info: Redefining \. on input line 60.
LaTeX Info: Redefining \% on input line 60.
LaTeX Info: Redefining \. on input line 60.
LaTeX Info: Redefining \% on input line 60.
Package babel Info: Redefining spanish shorthand <<
(babel)             in language  on input line 60.
Package babel Info: Redefining spanish shorthand >>
(babel)             in language  on input line 60.
Package babel Info: Redefining spanish shorthand "=
(babel)             in language  on input line 60.
Package babel Info: Redefining spanish shorthand "~
(babel)             in language  on input line 60.
Package babel Info: Redefining spanish shorthand "!
(babel)             in language  on input line 60.
Package babel Info: Redefining spanish shorthand "?
(babel)             in language  on input line 60.
Package babel Info: Redefining spanish shorthand <<
(babel)             in language  on input line 60.
Package babel Info: Redefining spanish shorthand >>
(babel)             in language  on input line 60.
Package babel Info: Redefining spanish shorthand "=
(babel)             in language  on input line 60.
Package babel Info: Redefining spanish shorthand "~
(babel)             in language  on input line 60.
Package babel Info: Redefining spanish shorthand "!
(babel)             in language  on input line 60.
Package babel Info: Redefining spanish shorthand "?
(babel)             in language  on input line 60.
 [7]
Package babel Info: Redefining spanish shorthand <<
(babel)             in language  on input line 62.
Package babel Info: Redefining spanish shorthand >>
(babel)             in language  on input line 62.
Package babel Info: Redefining spanish shorthand "=
(babel)             in language  on input line 62.
Package babel Info: Redefining spanish shorthand "~
(babel)             in language  on input line 62.
Package babel Info: Redefining spanish shorthand "!
(babel)             in language  on input line 62.
Package babel Info: Redefining spanish shorthand "?
(babel)             in language  on input line 62.


LaTeX Warning: Reference `anexo' on page 8 undefined on input line 66.

LaTeX Info: Redefining \. on input line 67.
LaTeX Info: Redefining \% on input line 67.
LaTeX Info: Redefining \. on input line 67.
LaTeX Info: Redefining \% on input line 67.
Package babel Info: Redefining spanish shorthand <<
(babel)             in language  on input line 67.
Package babel Info: Redefining spanish shorthand >>
(babel)             in language  on input line 67.
Package babel Info: Redefining spanish shorthand "=
(babel)             in language  on input line 67.
Package babel Info: Redefining spanish shorthand "~
(babel)             in language  on input line 67.
Package babel Info: Redefining spanish shorthand "!
(babel)             in language  on input line 67.
Package babel Info: Redefining spanish shorthand "?
(babel)             in language  on input line 67.
Package babel Info: Redefining spanish shorthand <<
(babel)             in language  on input line 67.
Package babel Info: Redefining spanish shorthand >>
(babel)             in language  on input line 67.
Package babel Info: Redefining spanish shorthand "=
(babel)             in language  on input line 67.
Package babel Info: Redefining spanish shorthand "~
(babel)             in language  on input line 67.
Package babel Info: Redefining spanish shorthand "!
(babel)             in language  on input line 67.
Package babel Info: Redefining spanish shorthand "?
(babel)             in language  on input line 67.
[8]) (./Capitulo2/capitulo2.tex
Cap\'{\i }tulo 2.
Package babel Info: Redefining spanish shorthand <<
(babel)             in language  on input line 7.
Package babel Info: Redefining spanish shorthand >>
(babel)             in language  on input line 7.
Package babel Info: Redefining spanish shorthand "=
(babel)             in language  on input line 7.
Package babel Info: Redefining spanish shorthand "~
(babel)             in language  on input line 7.
Package babel Info: Redefining spanish shorthand "!
(babel)             in language  on input line 7.
Package babel Info: Redefining spanish shorthand "?
(babel)             in language  on input line 7.
Package babel Info: Redefining spanish shorthand <<
(babel)             in language  on input line 11.
Package babel Info: Redefining spanish shorthand >>
(babel)             in language  on input line 11.
Package babel Info: Redefining spanish shorthand "=
(babel)             in language  on input line 11.
Package babel Info: Redefining spanish shorthand "~
(babel)             in language  on input line 11.
Package babel Info: Redefining spanish shorthand "!
(babel)             in language  on input line 11.
Package babel Info: Redefining spanish shorthand "?
(babel)             in language  on input line 11.
Package babel Info: Redefining spanish shorthand <<
(babel)             in language  on input line 17.
Package babel Info: Redefining spanish shorthand >>
(babel)             in language  on input line 17.
Package babel Info: Redefining spanish shorthand "=
(babel)             in language  on input line 17.
Package babel Info: Redefining spanish shorthand "~
(babel)             in language  on input line 17.
Package babel Info: Redefining spanish shorthand "!
(babel)             in language  on input line 17.
Package babel Info: Redefining spanish shorthand "?
(babel)             in language  on input line 17.
Package babel Info: Redefining spanish shorthand <<
(babel)             in language  on input line 21.
Package babel Info: Redefining spanish shorthand >>
(babel)             in language  on input line 21.
Package babel Info: Redefining spanish shorthand "=
(babel)             in language  on input line 21.
Package babel Info: Redefining spanish shorthand "~
(babel)             in language  on input line 21.
Package babel Info: Redefining spanish shorthand "!
(babel)             in language  on input line 21.
Package babel Info: Redefining spanish shorthand "?
(babel)             in language  on input line 21.
Package babel Info: Redefining spanish shorthand <<
(babel)             in language  on input line 21.
Package babel Info: Redefining spanish shorthand >>
(babel)             in language  on input line 21.
Package babel Info: Redefining spanish shorthand "=
(babel)             in language  on input line 21.
Package babel Info: Redefining spanish shorthand "~
(babel)             in language  on input line 21.
Package babel Info: Redefining spanish shorthand "!
(babel)             in language  on input line 21.
Package babel Info: Redefining spanish shorthand "?
(babel)             in language  on input line 21.
[9


]
Package babel Info: Redefining spanish shorthand <<
(babel)             in language  on input line 34.
Package babel Info: Redefining spanish shorthand >>
(babel)             in language  on input line 34.
Package babel Info: Redefining spanish shorthand "=
(babel)             in language  on input line 34.
Package babel Info: Redefining spanish shorthand "~
(babel)             in language  on input line 34.
Package babel Info: Redefining spanish shorthand "!
(babel)             in language  on input line 34.
Package babel Info: Redefining spanish shorthand "?
(babel)             in language  on input line 34.
LaTeX Info: Redefining \. on input line 39.
LaTeX Info: Redefining \% on input line 39.
LaTeX Info: Redefining \. on input line 39.
LaTeX Info: Redefining \% on input line 39.
Package babel Info: Redefining spanish shorthand <<
(babel)             in language  on input line 39.
Package babel Info: Redefining spanish shorthand >>
(babel)             in language  on input line 39.
Package babel Info: Redefining spanish shorthand "=
(babel)             in language  on input line 39.
Package babel Info: Redefining spanish shorthand "~
(babel)             in language  on input line 39.
Package babel Info: Redefining spanish shorthand "!
(babel)             in language  on input line 39.
Package babel Info: Redefining spanish shorthand "?
(babel)             in language  on input line 39.
Package babel Info: Redefining spanish shorthand <<
(babel)             in language  on input line 39.
Package babel Info: Redefining spanish shorthand >>
(babel)             in language  on input line 39.
Package babel Info: Redefining spanish shorthand "=
(babel)             in language  on input line 39.
Package babel Info: Redefining spanish shorthand "~
(babel)             in language  on input line 39.
Package babel Info: Redefining spanish shorthand "!
(babel)             in language  on input line 39.
Package babel Info: Redefining spanish shorthand "?
(babel)             in language  on input line 39.
 [10]) (./Capitulo3/capitulo3.tex
Cap\'{\i }tulo 3.
Package babel Info: Redefining spanish shorthand <<
(babel)             in language  on input line 7.
Package babel Info: Redefining spanish shorthand >>
(babel)             in language  on input line 7.
Package babel Info: Redefining spanish shorthand "=
(babel)             in language  on input line 7.
Package babel Info: Redefining spanish shorthand "~
(babel)             in language  on input line 7.
Package babel Info: Redefining spanish shorthand "!
(babel)             in language  on input line 7.
Package babel Info: Redefining spanish shorthand "?
(babel)             in language  on input line 7.
Package babel Info: Redefining spanish shorthand <<
(babel)             in language  on input line 13.
Package babel Info: Redefining spanish shorthand >>
(babel)             in language  on input line 13.
Package babel Info: Redefining spanish shorthand "=
(babel)             in language  on input line 13.
Package babel Info: Redefining spanish shorthand "~
(babel)             in language  on input line 13.
Package babel Info: Redefining spanish shorthand "!
(babel)             in language  on input line 13.
Package babel Info: Redefining spanish shorthand "?
(babel)             in language  on input line 13.

LaTeX Warning: Reference `ord_personal1' on page 11 undefined on input line 15.


Package babel Info: Redefining spanish shorthand <<
(babel)             in language  on input line 17.
Package babel Info: Redefining spanish shorthand >>
(babel)             in language  on input line 17.
Package babel Info: Redefining spanish shorthand "=
(babel)             in language  on input line 17.
Package babel Info: Redefining spanish shorthand "~
(babel)             in language  on input line 17.
Package babel Info: Redefining spanish shorthand "!
(babel)             in language  on input line 17.
Package babel Info: Redefining spanish shorthand "?
(babel)             in language  on input line 17.

LaTeX Warning: Citation `tutorial1' on page 11 undefined on input line 19.


LaTeX Warning: Citation `tutorial2' on page 11 undefined on input line 19.

Package babel Info: Redefining spanish shorthand <<
(babel)             in language  on input line 20.
Package babel Info: Redefining spanish shorthand >>
(babel)             in language  on input line 20.
Package babel Info: Redefining spanish shorthand "=
(babel)             in language  on input line 20.
Package babel Info: Redefining spanish shorthand "~
(babel)             in language  on input line 20.
Package babel Info: Redefining spanish shorthand "!
(babel)             in language  on input line 20.
Package babel Info: Redefining spanish shorthand "?
(babel)             in language  on input line 20.
Package babel Info: Redefining spanish shorthand <<
(babel)             in language  on input line 20.
Package babel Info: Redefining spanish shorthand >>
(babel)             in language  on input line 20.
Package babel Info: Redefining spanish shorthand "=
(babel)             in language  on input line 20.
Package babel Info: Redefining spanish shorthand "~
(babel)             in language  on input line 20.
Package babel Info: Redefining spanish shorthand "!
(babel)             in language  on input line 20.
Package babel Info: Redefining spanish shorthand "?
(babel)             in language  on input line 20.
[11


]
Package babel Info: Redefining spanish shorthand <<
(babel)             in language  on input line 21.
Package babel Info: Redefining spanish shorthand >>
(babel)             in language  on input line 21.
Package babel Info: Redefining spanish shorthand "=
(babel)             in language  on input line 21.
Package babel Info: Redefining spanish shorthand "~
(babel)             in language  on input line 21.
Package babel Info: Redefining spanish shorthand "!
(babel)             in language  on input line 21.
Package babel Info: Redefining spanish shorthand "?
(babel)             in language  on input line 21.


LaTeX Warning: Reference `ord_personal1' on page 12 undefined on input line 23.



Overfull \hbox (241.77536pt too wide) in paragraph at lines 30--31
[][][][][][][][][][][]  
 []


Overfull \hbox (241.77536pt too wide) in paragraph at lines 37--40
[][][][][][][][][][][]  
 []


Overfull \hbox (241.77536pt too wide) in paragraph at lines 40--41
[][][][][][][][][][][]  
 []

LaTeX Info: Redefining \. on input line 42.
LaTeX Info: Redefining \% on input line 42.
LaTeX Info: Redefining \. on input line 42.
LaTeX Info: Redefining \% on input line 42.
Package babel Info: Redefining spanish shorthand <<
(babel)             in language  on input line 42.
Package babel Info: Redefining spanish shorthand >>
(babel)             in language  on input line 42.
Package babel Info: Redefining spanish shorthand "=
(babel)             in language  on input line 42.
Package babel Info: Redefining spanish shorthand "~
(babel)             in language  on input line 42.
Package babel Info: Redefining spanish shorthand "!
(babel)             in language  on input line 42.
Package babel Info: Redefining spanish shorthand "?
(babel)             in language  on input line 42.
Package babel Info: Redefining spanish shorthand <<
(babel)             in language  on input line 42.
Package babel Info: Redefining spanish shorthand >>
(babel)             in language  on input line 42.
Package babel Info: Redefining spanish shorthand "=
(babel)             in language  on input line 42.
Package babel Info: Redefining spanish shorthand "~
(babel)             in language  on input line 42.
Package babel Info: Redefining spanish shorthand "!
(babel)             in language  on input line 42.
Package babel Info: Redefining spanish shorthand "?
(babel)             in language  on input line 42.
[12]
Overfull \hbox (241.77536pt too wide) in paragraph at lines 42--45
[][][][][][][][][][][]  
 []


Overfull \hbox (241.77536pt too wide) in paragraph at lines 51--52
[][][][][][][][][][][]  
 []


Overfull \hbox (241.77536pt too wide) in paragraph at lines 56--59
[][][][][][][][][][][]  
 []


Overfull \hbox (241.77536pt too wide) in paragraph at lines 67--68
[][][][][][][][][][][]  
 []


Overfull \hbox (241.77536pt too wide) in paragraph at lines 75--77
[][][][][][][][][][][]  
 []

LaTeX Info: Redefining \. on input line 79.
LaTeX Info: Redefining \% on input line 79.
LaTeX Info: Redefining \. on input line 79.
LaTeX Info: Redefining \% on input line 79.
Package babel Info: Redefining spanish shorthand <<
(babel)             in language  on input line 79.
Package babel Info: Redefining spanish shorthand >>
(babel)             in language  on input line 79.
Package babel Info: Redefining spanish shorthand "=
(babel)             in language  on input line 79.
Package babel Info: Redefining spanish shorthand "~
(babel)             in language  on input line 79.
Package babel Info: Redefining spanish shorthand "!
(babel)             in language  on input line 79.
Package babel Info: Redefining spanish shorthand "?
(babel)             in language  on input line 79.
Package babel Info: Redefining spanish shorthand <<
(babel)             in language  on input line 79.
Package babel Info: Redefining spanish shorthand >>
(babel)             in language  on input line 79.
Package babel Info: Redefining spanish shorthand "=
(babel)             in language  on input line 79.
Package babel Info: Redefining spanish shorthand "~
(babel)             in language  on input line 79.
Package babel Info: Redefining spanish shorthand "!
(babel)             in language  on input line 79.
Package babel Info: Redefining spanish shorthand "?
(babel)             in language  on input line 79.
[13]
LaTeX Font Info:    Font shape `OMS/cmr/m/n' in size <10> not available
(Font)              Font shape `OMS/cmsy/m/n' tried instead on input line 83.
LaTeX Info: Redefining \. on input line 118.
LaTeX Info: Redefining \% on input line 118.
LaTeX Info: Redefining \. on input line 118.
LaTeX Info: Redefining \% on input line 118.
Package babel Info: Redefining spanish shorthand <<
(babel)             in language  on input line 118.
Package babel Info: Redefining spanish shorthand >>
(babel)             in language  on input line 118.
Package babel Info: Redefining spanish shorthand "=
(babel)             in language  on input line 118.
Package babel Info: Redefining spanish shorthand "~
(babel)             in language  on input line 118.
Package babel Info: Redefining spanish shorthand "!
(babel)             in language  on input line 118.
Package babel Info: Redefining spanish shorthand "?
(babel)             in language  on input line 118.
Package babel Info: Redefining spanish shorthand <<
(babel)             in language  on input line 118.
Package babel Info: Redefining spanish shorthand >>
(babel)             in language  on input line 118.
Package babel Info: Redefining spanish shorthand "=
(babel)             in language  on input line 118.
Package babel Info: Redefining spanish shorthand "~
(babel)             in language  on input line 118.
Package babel Info: Redefining spanish shorthand "!
(babel)             in language  on input line 118.
Package babel Info: Redefining spanish shorthand "?
(babel)             in language  on input line 118.
 [14]
LaTeX Info: Redefining \. on input line 161.
LaTeX Info: Redefining \% on input line 161.
LaTeX Info: Redefining \. on input line 161.
LaTeX Info: Redefining \% on input line 161.
Package babel Info: Redefining spanish shorthand <<
(babel)             in language  on input line 161.
Package babel Info: Redefining spanish shorthand >>
(babel)             in language  on input line 161.
Package babel Info: Redefining spanish shorthand "=
(babel)             in language  on input line 161.
Package babel Info: Redefining spanish shorthand "~
(babel)             in language  on input line 161.
Package babel Info: Redefining spanish shorthand "!
(babel)             in language  on input line 161.
Package babel Info: Redefining spanish shorthand "?
(babel)             in language  on input line 161.
Package babel Info: Redefining spanish shorthand <<
(babel)             in language  on input line 161.
Package babel Info: Redefining spanish shorthand >>
(babel)             in language  on input line 161.
Package babel Info: Redefining spanish shorthand "=
(babel)             in language  on input line 161.
Package babel Info: Redefining spanish shorthand "~
(babel)             in language  on input line 161.
Package babel Info: Redefining spanish shorthand "!
(babel)             in language  on input line 161.
Package babel Info: Redefining spanish shorthand "?
(babel)             in language  on input line 161.
 [15]
Overfull \hbox (241.77536pt too wide) in paragraph at lines 161--162
[][][][][][][][][][][]  
 []


Overfull \hbox (241.77536pt too wide) in paragraph at lines 163--165
[][][][][][][][][][][]  
 []


Overfull \hbox (241.77536pt too wide) in paragraph at lines 178--179
[][][][][][][][][][][]  
 []


Overfull \hbox (241.77536pt too wide) in paragraph at lines 180--183
[][][][][][][][][][][]  
 []


Overfull \hbox (93.88177pt too wide) in paragraph at lines 203--206
[][][][][][][][][][][][][][][][][][][][][][][][][][][][][][][][][][][][][][][][
][][][][][][][][][][][][][][][][][][][][][][][][][][][][][][][][][][][][][][][]
[][][][][][][][][][][][][][][][][][][][][][][][][][][][][][][][][][][][][][][][
][][][][][][][][][][][][][][][][][][][][][][][][][][][][][][][][][][][][][][][]
[][][][][][][][][][][][][][][][][][][][][][][][][][][][][][]  
 []

LaTeX Info: Redefining \. on input line 206.
LaTeX Info: Redefining \% on input line 206.
LaTeX Info: Redefining \. on input line 206.
LaTeX Info: Redefining \% on input line 206.
Package babel Info: Redefining spanish shorthand <<
(babel)             in language  on input line 206.
Package babel Info: Redefining spanish shorthand >>
(babel)             in language  on input line 206.
Package babel Info: Redefining spanish shorthand "=
(babel)             in language  on input line 206.
Package babel Info: Redefining spanish shorthand "~
(babel)             in language  on input line 206.
Package babel Info: Redefining spanish shorthand "!
(babel)             in language  on input line 206.
Package babel Info: Redefining spanish shorthand "?
(babel)             in language  on input line 206.
Package babel Info: Redefining spanish shorthand <<
(babel)             in language  on input line 206.
Package babel Info: Redefining spanish shorthand >>
(babel)             in language  on input line 206.
Package babel Info: Redefining spanish shorthand "=
(babel)             in language  on input line 206.
Package babel Info: Redefining spanish shorthand "~
(babel)             in language  on input line 206.
Package babel Info: Redefining spanish shorthand "!
(babel)             in language  on input line 206.
Package babel Info: Redefining spanish shorthand "?
(babel)             in language  on input line 206.
[16]
Overfull \hbox (1.40924pt too wide) in paragraph at lines 209--211
[][][][][][][][][][][][][][][][][][][][][][][][][][][][][][][][][][][][][][][][
][][][][][][][][][][][][][][][][][][][][][][][][][][][][][][][][][][][][][][][]
[][][][][][][][][][][][][][][][][][][][][][][][][][][][][][][][][][][][][][][][
][][][][][][][][][]  
 []


Overfull \hbox (241.77536pt too wide) in paragraph at lines 221--222
[][][][][][][][][][][]  
 []


Overfull \hbox (241.77536pt too wide) in paragraph at lines 223--226
[][][][][][][][][][][]  
 []

LaTeX Info: Redefining \. on input line 249.
LaTeX Info: Redefining \% on input line 249.
LaTeX Info: Redefining \. on input line 249.
LaTeX Info: Redefining \% on input line 249.
Package babel Info: Redefining spanish shorthand <<
(babel)             in language  on input line 249.
Package babel Info: Redefining spanish shorthand >>
(babel)             in language  on input line 249.
Package babel Info: Redefining spanish shorthand "=
(babel)             in language  on input line 249.
Package babel Info: Redefining spanish shorthand "~
(babel)             in language  on input line 249.
Package babel Info: Redefining spanish shorthand "!
(babel)             in language  on input line 249.
Package babel Info: Redefining spanish shorthand "?
(babel)             in language  on input line 249.
Package babel Info: Redefining spanish shorthand <<
(babel)             in language  on input line 249.
Package babel Info: Redefining spanish shorthand >>
(babel)             in language  on input line 249.
Package babel Info: Redefining spanish shorthand "=
(babel)             in language  on input line 249.
Package babel Info: Redefining spanish shorthand "~
(babel)             in language  on input line 249.
Package babel Info: Redefining spanish shorthand "!
(babel)             in language  on input line 249.
Package babel Info: Redefining spanish shorthand "?
(babel)             in language  on input line 249.
[17]
Overfull \hbox (241.77536pt too wide) in paragraph at lines 274--275
[][][][][][][][][][][]  
 []


Overfull \hbox (241.77536pt too wide) in paragraph at lines 276--280
[][][][][][][][][][][]  
 []

LaTeX Info: Redefining \. on input line 293.
LaTeX Info: Redefining \% on input line 293.
LaTeX Info: Redefining \. on input line 293.
LaTeX Info: Redefining \% on input line 293.
Package babel Info: Redefining spanish shorthand <<
(babel)             in language  on input line 293.
Package babel Info: Redefining spanish shorthand >>
(babel)             in language  on input line 293.
Package babel Info: Redefining spanish shorthand "=
(babel)             in language  on input line 293.
Package babel Info: Redefining spanish shorthand "~
(babel)             in language  on input line 293.
Package babel Info: Redefining spanish shorthand "!
(babel)             in language  on input line 293.
Package babel Info: Redefining spanish shorthand "?
(babel)             in language  on input line 293.
Package babel Info: Redefining spanish shorthand <<
(babel)             in language  on input line 293.
Package babel Info: Redefining spanish shorthand >>
(babel)             in language  on input line 293.
Package babel Info: Redefining spanish shorthand "=
(babel)             in language  on input line 293.
Package babel Info: Redefining spanish shorthand "~
(babel)             in language  on input line 293.
Package babel Info: Redefining spanish shorthand "!
(babel)             in language  on input line 293.
Package babel Info: Redefining spanish shorthand "?
(babel)             in language  on input line 293.
[18]
LaTeX Info: Redefining \. on input line 331.
LaTeX Info: Redefining \% on input line 331.
LaTeX Info: Redefining \. on input line 331.
LaTeX Info: Redefining \% on input line 331.
Package babel Info: Redefining spanish shorthand <<
(babel)             in language  on input line 331.
Package babel Info: Redefining spanish shorthand >>
(babel)             in language  on input line 331.
Package babel Info: Redefining spanish shorthand "=
(babel)             in language  on input line 331.
Package babel Info: Redefining spanish shorthand "~
(babel)             in language  on input line 331.
Package babel Info: Redefining spanish shorthand "!
(babel)             in language  on input line 331.
Package babel Info: Redefining spanish shorthand "?
(babel)             in language  on input line 331.
Package babel Info: Redefining spanish shorthand <<
(babel)             in language  on input line 331.
Package babel Info: Redefining spanish shorthand >>
(babel)             in language  on input line 331.
Package babel Info: Redefining spanish shorthand "=
(babel)             in language  on input line 331.
Package babel Info: Redefining spanish shorthand "~
(babel)             in language  on input line 331.
Package babel Info: Redefining spanish shorthand "!
(babel)             in language  on input line 331.
Package babel Info: Redefining spanish shorthand "?
(babel)             in language  on input line 331.
 [19]
Overfull \hbox (52.8122pt too wide) in paragraph at lines 335--336
[][][][][][][][][][][][][][][][][][][][][][][][][][][][][][][][][][][][][][][][
][][][][][][] 
 []


Overfull \hbox (241.77536pt too wide) in paragraph at lines 345--346
[][][][][][][][][][][]  
 []


Overfull \hbox (241.77536pt too wide) in paragraph at lines 347--350
[][][][][][][][][][][]  
 []


Overfull \hbox (14.05817pt too wide) in paragraph at lines 361--362
[]\T1/cmr/m/n/12 Viendo las de-fi-cien-cias de es-ta so-lu-cin, pa-sa-mos al u
so de Ten-sor-Flow+Keras,
 []

Package babel Info: Redefining spanish shorthand <<
(babel)             in language  on input line 363.
Package babel Info: Redefining spanish shorthand >>
(babel)             in language  on input line 363.
Package babel Info: Redefining spanish shorthand "=
(babel)             in language  on input line 363.
Package babel Info: Redefining spanish shorthand "~
(babel)             in language  on input line 363.
Package babel Info: Redefining spanish shorthand "!
(babel)             in language  on input line 363.
Package babel Info: Redefining spanish shorthand "?
(babel)             in language  on input line 363.
LaTeX Info: Redefining \. on input line 368.
LaTeX Info: Redefining \% on input line 368.
LaTeX Info: Redefining \. on input line 368.
LaTeX Info: Redefining \% on input line 368.
Package babel Info: Redefining spanish shorthand <<
(babel)             in language  on input line 368.
Package babel Info: Redefining spanish shorthand >>
(babel)             in language  on input line 368.
Package babel Info: Redefining spanish shorthand "=
(babel)             in language  on input line 368.
Package babel Info: Redefining spanish shorthand "~
(babel)             in language  on input line 368.
Package babel Info: Redefining spanish shorthand "!
(babel)             in language  on input line 368.
Package babel Info: Redefining spanish shorthand "?
(babel)             in language  on input line 368.
Package babel Info: Redefining spanish shorthand <<
(babel)             in language  on input line 368.
Package babel Info: Redefining spanish shorthand >>
(babel)             in language  on input line 368.
Package babel Info: Redefining spanish shorthand "=
(babel)             in language  on input line 368.
Package babel Info: Redefining spanish shorthand "~
(babel)             in language  on input line 368.
Package babel Info: Redefining spanish shorthand "!
(babel)             in language  on input line 368.
Package babel Info: Redefining spanish shorthand "?
(babel)             in language  on input line 368.
[20]
LaTeX Info: Redefining \. on input line 407.
LaTeX Info: Redefining \% on input line 407.
LaTeX Info: Redefining \. on input line 407.
LaTeX Info: Redefining \% on input line 407.
Package babel Info: Redefining spanish shorthand <<
(babel)             in language  on input line 407.
Package babel Info: Redefining spanish shorthand >>
(babel)             in language  on input line 407.
Package babel Info: Redefining spanish shorthand "=
(babel)             in language  on input line 407.
Package babel Info: Redefining spanish shorthand "~
(babel)             in language  on input line 407.
Package babel Info: Redefining spanish shorthand "!
(babel)             in language  on input line 407.
Package babel Info: Redefining spanish shorthand "?
(babel)             in language  on input line 407.
Package babel Info: Redefining spanish shorthand <<
(babel)             in language  on input line 407.
Package babel Info: Redefining spanish shorthand >>
(babel)             in language  on input line 407.
Package babel Info: Redefining spanish shorthand "=
(babel)             in language  on input line 407.
Package babel Info: Redefining spanish shorthand "~
(babel)             in language  on input line 407.
Package babel Info: Redefining spanish shorthand "!
(babel)             in language  on input line 407.
Package babel Info: Redefining spanish shorthand "?
(babel)             in language  on input line 407.
 [21]
LaTeX Info: Redefining \. on input line 448.
LaTeX Info: Redefining \% on input line 448.
LaTeX Info: Redefining \. on input line 448.
LaTeX Info: Redefining \% on input line 448.
Package babel Info: Redefining spanish shorthand <<
(babel)             in language  on input line 448.
Package babel Info: Redefining spanish shorthand >>
(babel)             in language  on input line 448.
Package babel Info: Redefining spanish shorthand "=
(babel)             in language  on input line 448.
Package babel Info: Redefining spanish shorthand "~
(babel)             in language  on input line 448.
Package babel Info: Redefining spanish shorthand "!
(babel)             in language  on input line 448.
Package babel Info: Redefining spanish shorthand "?
(babel)             in language  on input line 448.
Package babel Info: Redefining spanish shorthand <<
(babel)             in language  on input line 448.
Package babel Info: Redefining spanish shorthand >>
(babel)             in language  on input line 448.
Package babel Info: Redefining spanish shorthand "=
(babel)             in language  on input line 448.
Package babel Info: Redefining spanish shorthand "~
(babel)             in language  on input line 448.
Package babel Info: Redefining spanish shorthand "!
(babel)             in language  on input line 448.
Package babel Info: Redefining spanish shorthand "?
(babel)             in language  on input line 448.
 [22]
LaTeX Info: Redefining \. on input line 491.
LaTeX Info: Redefining \% on input line 491.
LaTeX Info: Redefining \. on input line 491.
LaTeX Info: Redefining \% on input line 491.
Package babel Info: Redefining spanish shorthand <<
(babel)             in language  on input line 491.
Package babel Info: Redefining spanish shorthand >>
(babel)             in language  on input line 491.
Package babel Info: Redefining spanish shorthand "=
(babel)             in language  on input line 491.
Package babel Info: Redefining spanish shorthand "~
(babel)             in language  on input line 491.
Package babel Info: Redefining spanish shorthand "!
(babel)             in language  on input line 491.
Package babel Info: Redefining spanish shorthand "?
(babel)             in language  on input line 491.
Package babel Info: Redefining spanish shorthand <<
(babel)             in language  on input line 491.
Package babel Info: Redefining spanish shorthand >>
(babel)             in language  on input line 491.
Package babel Info: Redefining spanish shorthand "=
(babel)             in language  on input line 491.
Package babel Info: Redefining spanish shorthand "~
(babel)             in language  on input line 491.
Package babel Info: Redefining spanish shorthand "!
(babel)             in language  on input line 491.
Package babel Info: Redefining spanish shorthand "?
(babel)             in language  on input line 491.
 [23]
Package babel Info: Redefining spanish shorthand <<
(babel)             in language  on input line 497.
Package babel Info: Redefining spanish shorthand >>
(babel)             in language  on input line 497.
Package babel Info: Redefining spanish shorthand "=
(babel)             in language  on input line 497.
Package babel Info: Redefining spanish shorthand "~
(babel)             in language  on input line 497.
Package babel Info: Redefining spanish shorthand "!
(babel)             in language  on input line 497.
Package babel Info: Redefining spanish shorthand "?
(babel)             in language  on input line 497.


LaTeX Warning: Citation `tutorial3' on page 24 undefined on input line 499.

LaTeX Info: Redefining \. on input line 522.
LaTeX Info: Redefining \% on input line 522.
LaTeX Info: Redefining \. on input line 522.
LaTeX Info: Redefining \% on input line 522.
Package babel Info: Redefining spanish shorthand <<
(babel)             in language  on input line 522.
Package babel Info: Redefining spanish shorthand >>
(babel)             in language  on input line 522.
Package babel Info: Redefining spanish shorthand "=
(babel)             in language  on input line 522.
Package babel Info: Redefining spanish shorthand "~
(babel)             in language  on input line 522.
Package babel Info: Redefining spanish shorthand "!
(babel)             in language  on input line 522.
Package babel Info: Redefining spanish shorthand "?
(babel)             in language  on input line 522.
Package babel Info: Redefining spanish shorthand <<
(babel)             in language  on input line 522.
Package babel Info: Redefining spanish shorthand >>
(babel)             in language  on input line 522.
Package babel Info: Redefining spanish shorthand "=
(babel)             in language  on input line 522.
Package babel Info: Redefining spanish shorthand "~
(babel)             in language  on input line 522.
Package babel Info: Redefining spanish shorthand "!
(babel)             in language  on input line 522.
Package babel Info: Redefining spanish shorthand "?
(babel)             in language  on input line 522.
[24]
Underfull \hbox (badness 10000) in paragraph at lines 554--555

 []

<./Capitulo3/imagenes/0.jpg, id=728, 256.96pt x 256.96pt>
File: ./Capitulo3/imagenes/0.jpg Graphic file (type jpg)

<use ./Capitulo3/imagenes/0.jpg>
Package pdftex.def Info: ./Capitulo3/imagenes/0.jpg used on input line 558.
(pdftex.def)             Requested size: 102.78217pt x 102.78217pt.
LaTeX Info: Redefining \. on input line 562.
LaTeX Info: Redefining \% on input line 562.
LaTeX Info: Redefining \. on input line 562.
LaTeX Info: Redefining \% on input line 562.
Package babel Info: Redefining spanish shorthand <<
(babel)             in language  on input line 562.
Package babel Info: Redefining spanish shorthand >>
(babel)             in language  on input line 562.
Package babel Info: Redefining spanish shorthand "=
(babel)             in language  on input line 562.
Package babel Info: Redefining spanish shorthand "~
(babel)             in language  on input line 562.
Package babel Info: Redefining spanish shorthand "!
(babel)             in language  on input line 562.
Package babel Info: Redefining spanish shorthand "?
(babel)             in language  on input line 562.
Package babel Info: Redefining spanish shorthand <<
(babel)             in language  on input line 562.
Package babel Info: Redefining spanish shorthand >>
(babel)             in language  on input line 562.
Package babel Info: Redefining spanish shorthand "=
(babel)             in language  on input line 562.
Package babel Info: Redefining spanish shorthand "~
(babel)             in language  on input line 562.
Package babel Info: Redefining spanish shorthand "!
(babel)             in language  on input line 562.
Package babel Info: Redefining spanish shorthand "?
(babel)             in language  on input line 562.
 [25]
<./Capitulo3/imagenes/1168.jpg, id=761, 256.96pt x 256.96pt>
File: ./Capitulo3/imagenes/1168.jpg Graphic file (type jpg)

<use ./Capitulo3/imagenes/1168.jpg>
Package pdftex.def Info: ./Capitulo3/imagenes/1168.jpg used on input line 566.
(pdftex.def)             Requested size: 102.78217pt x 102.78217pt.

<./Capitulo3/imagenes/64.jpg, id=762, 256.96pt x 256.96pt>
File: ./Capitulo3/imagenes/64.jpg Graphic file (type jpg)

<use ./Capitulo3/imagenes/64.jpg>
Package pdftex.def Info: ./Capitulo3/imagenes/64.jpg used on input line 574.
(pdftex.def)             Requested size: 102.78217pt x 102.78217pt.

<./Capitulo3/imagenes/913.jpg, id=763, 256.96pt x 256.96pt>
File: ./Capitulo3/imagenes/913.jpg Graphic file (type jpg)

<use ./Capitulo3/imagenes/913.jpg>
Package pdftex.def Info: ./Capitulo3/imagenes/913.jpg used on input line 581.
(pdftex.def)             Requested size: 102.78217pt x 102.78217pt.
LaTeX Info: Redefining \. on input line 585.
LaTeX Info: Redefining \% on input line 585.
LaTeX Info: Redefining \. on input line 585.
LaTeX Info: Redefining \% on input line 585.
Package babel Info: Redefining spanish shorthand <<
(babel)             in language  on input line 585.
Package babel Info: Redefining spanish shorthand >>
(babel)             in language  on input line 585.
Package babel Info: Redefining spanish shorthand "=
(babel)             in language  on input line 585.
Package babel Info: Redefining spanish shorthand "~
(babel)             in language  on input line 585.
Package babel Info: Redefining spanish shorthand "!
(babel)             in language  on input line 585.
Package babel Info: Redefining spanish shorthand "?
(babel)             in language  on input line 585.
Package babel Info: Redefining spanish shorthand <<
(babel)             in language  on input line 585.
Package babel Info: Redefining spanish shorthand >>
(babel)             in language  on input line 585.
Package babel Info: Redefining spanish shorthand "=
(babel)             in language  on input line 585.
Package babel Info: Redefining spanish shorthand "~
(babel)             in language  on input line 585.
Package babel Info: Redefining spanish shorthand "!
(babel)             in language  on input line 585.
Package babel Info: Redefining spanish shorthand "?
(babel)             in language  on input line 585.
 [26pdfTeX warning (ext4): destination with the same identifier (name{figure.3.
1}) has been already used, duplicate ignored

\AtBegShi@Output ...ipout \box \AtBeginShipoutBox 
                                                  \fi \fi 
l.585 
      pdfTeX warning (ext4): destination with the same identifier (name{figure.
3.2}) has been already used, duplicate ignored

\AtBegShi@Output ...ipout \box \AtBeginShipoutBox 
                                                  \fi \fi 
l.585 
      pdfTeX warning (ext4): destination with the same identifier (name{figure.
3.3}) has been already used, duplicate ignored

\AtBegShi@Output ...ipout \box \AtBeginShipoutBox 
                                                  \fi \fi 
l.585 
       <./Capitulo3/imagenes/0.jpg> <./Capitulo3/imagenes/1168.jpg> <./Capitulo
3/imagenes/64.jpg>]
<./Capitulo3/imagenes/1127.jpg, id=768, 256.96pt x 256.96pt>
File: ./Capitulo3/imagenes/1127.jpg Graphic file (type jpg)

<use ./Capitulo3/imagenes/1127.jpg>
Package pdftex.def Info: ./Capitulo3/imagenes/1127.jpg used on input line 588.
(pdftex.def)             Requested size: 102.78217pt x 102.78217pt.

<./Capitulo3/imagenes/71.jpg, id=769, 256.96pt x 256.96pt>
File: ./Capitulo3/imagenes/71.jpg Graphic file (type jpg)

<use ./Capitulo3/imagenes/71.jpg>
Package pdftex.def Info: ./Capitulo3/imagenes/71.jpg used on input line 595.
(pdftex.def)             Requested size: 102.78217pt x 102.78217pt.
Package babel Info: Redefining spanish shorthand <<
(babel)             in language  on input line 600.
Package babel Info: Redefining spanish shorthand >>
(babel)             in language  on input line 600.
Package babel Info: Redefining spanish shorthand "=
(babel)             in language  on input line 600.
Package babel Info: Redefining spanish shorthand "~
(babel)             in language  on input line 600.
Package babel Info: Redefining spanish shorthand "!
(babel)             in language  on input line 600.
Package babel Info: Redefining spanish shorthand "?
(babel)             in language  on input line 600.
LaTeX Info: Redefining \. on input line 603.
LaTeX Info: Redefining \% on input line 603.
LaTeX Info: Redefining \. on input line 603.
LaTeX Info: Redefining \% on input line 603.
Package babel Info: Redefining spanish shorthand <<
(babel)             in language  on input line 603.
Package babel Info: Redefining spanish shorthand >>
(babel)             in language  on input line 603.
Package babel Info: Redefining spanish shorthand "=
(babel)             in language  on input line 603.
Package babel Info: Redefining spanish shorthand "~
(babel)             in language  on input line 603.
Package babel Info: Redefining spanish shorthand "!
(babel)             in language  on input line 603.
Package babel Info: Redefining spanish shorthand "?
(babel)             in language  on input line 603.
Package babel Info: Redefining spanish shorthand <<
(babel)             in language  on input line 603.
Package babel Info: Redefining spanish shorthand >>
(babel)             in language  on input line 603.
Package babel Info: Redefining spanish shorthand "=
(babel)             in language  on input line 603.
Package babel Info: Redefining spanish shorthand "~
(babel)             in language  on input line 603.
Package babel Info: Redefining spanish shorthand "!
(babel)             in language  on input line 603.
Package babel Info: Redefining spanish shorthand "?
(babel)             in language  on input line 603.
 [27pdfTeX warning (ext4): destination with the same identifier (name{figure.3.
4}) has been already used, duplicate ignored

\AtBegShi@Output ...ipout \box \AtBeginShipoutBox 
                                                  \fi \fi 
l.603 
      pdfTeX warning (ext4): destination with the same identifier (name{figure.
3.5}) has been already used, duplicate ignored

\AtBegShi@Output ...ipout \box \AtBeginShipoutBox 
                                                  \fi \fi 
l.603 
      pdfTeX warning (ext4): destination with the same identifier (name{figure.
3.6}) has been already used, duplicate ignored

\AtBegShi@Output ...ipout \box \AtBeginShipoutBox 
                                                  \fi \fi 
l.603 
       <./Capitulo3/imagenes/913.jpg> <./Capitulo3/imagenes/1127.jpg> <./Capitu
lo3/imagenes/71.jpg>]

LaTeX Warning: Citation `resnet50' on page 28 undefined on input line 604.

LaTeX Info: Redefining \. on input line 638.
LaTeX Info: Redefining \% on input line 638.
LaTeX Info: Redefining \. on input line 638.
LaTeX Info: Redefining \% on input line 638.
Package babel Info: Redefining spanish shorthand <<
(babel)             in language  on input line 638.
Package babel Info: Redefining spanish shorthand >>
(babel)             in language  on input line 638.
Package babel Info: Redefining spanish shorthand "=
(babel)             in language  on input line 638.
Package babel Info: Redefining spanish shorthand "~
(babel)             in language  on input line 638.
Package babel Info: Redefining spanish shorthand "!
(babel)             in language  on input line 638.
Package babel Info: Redefining spanish shorthand "?
(babel)             in language  on input line 638.
Package babel Info: Redefining spanish shorthand <<
(babel)             in language  on input line 638.
Package babel Info: Redefining spanish shorthand >>
(babel)             in language  on input line 638.
Package babel Info: Redefining spanish shorthand "=
(babel)             in language  on input line 638.
Package babel Info: Redefining spanish shorthand "~
(babel)             in language  on input line 638.
Package babel Info: Redefining spanish shorthand "!
(babel)             in language  on input line 638.
Package babel Info: Redefining spanish shorthand "?
(babel)             in language  on input line 638.
[28]
LaTeX Info: Redefining \. on input line 681.
LaTeX Info: Redefining \% on input line 681.
LaTeX Info: Redefining \. on input line 681.
LaTeX Info: Redefining \% on input line 681.
Package babel Info: Redefining spanish shorthand <<
(babel)             in language  on input line 681.
Package babel Info: Redefining spanish shorthand >>
(babel)             in language  on input line 681.
Package babel Info: Redefining spanish shorthand "=
(babel)             in language  on input line 681.
Package babel Info: Redefining spanish shorthand "~
(babel)             in language  on input line 681.
Package babel Info: Redefining spanish shorthand "!
(babel)             in language  on input line 681.
Package babel Info: Redefining spanish shorthand "?
(babel)             in language  on input line 681.
Package babel Info: Redefining spanish shorthand <<
(babel)             in language  on input line 681.
Package babel Info: Redefining spanish shorthand >>
(babel)             in language  on input line 681.
Package babel Info: Redefining spanish shorthand "=
(babel)             in language  on input line 681.
Package babel Info: Redefining spanish shorthand "~
(babel)             in language  on input line 681.
Package babel Info: Redefining spanish shorthand "!
(babel)             in language  on input line 681.
Package babel Info: Redefining spanish shorthand "?
(babel)             in language  on input line 681.
 [29]
LaTeX Info: Redefining \. on input line 722.
LaTeX Info: Redefining \% on input line 722.
LaTeX Info: Redefining \. on input line 722.
LaTeX Info: Redefining \% on input line 722.
Package babel Info: Redefining spanish shorthand <<
(babel)             in language  on input line 722.
Package babel Info: Redefining spanish shorthand >>
(babel)             in language  on input line 722.
Package babel Info: Redefining spanish shorthand "=
(babel)             in language  on input line 722.
Package babel Info: Redefining spanish shorthand "~
(babel)             in language  on input line 722.
Package babel Info: Redefining spanish shorthand "!
(babel)             in language  on input line 722.
Package babel Info: Redefining spanish shorthand "?
(babel)             in language  on input line 722.
Package babel Info: Redefining spanish shorthand <<
(babel)             in language  on input line 722.
Package babel Info: Redefining spanish shorthand >>
(babel)             in language  on input line 722.
Package babel Info: Redefining spanish shorthand "=
(babel)             in language  on input line 722.
Package babel Info: Redefining spanish shorthand "~
(babel)             in language  on input line 722.
Package babel Info: Redefining spanish shorthand "!
(babel)             in language  on input line 722.
Package babel Info: Redefining spanish shorthand "?
(babel)             in language  on input line 722.
 [30]
LaTeX Info: Redefining \. on input line 754.
LaTeX Info: Redefining \% on input line 754.
LaTeX Info: Redefining \. on input line 754.
LaTeX Info: Redefining \% on input line 754.
Package babel Info: Redefining spanish shorthand <<
(babel)             in language  on input line 754.
Package babel Info: Redefining spanish shorthand >>
(babel)             in language  on input line 754.
Package babel Info: Redefining spanish shorthand "=
(babel)             in language  on input line 754.
Package babel Info: Redefining spanish shorthand "~
(babel)             in language  on input line 754.
Package babel Info: Redefining spanish shorthand "!
(babel)             in language  on input line 754.
Package babel Info: Redefining spanish shorthand "?
(babel)             in language  on input line 754.
Package babel Info: Redefining spanish shorthand <<
(babel)             in language  on input line 754.
Package babel Info: Redefining spanish shorthand >>
(babel)             in language  on input line 754.
Package babel Info: Redefining spanish shorthand "=
(babel)             in language  on input line 754.
Package babel Info: Redefining spanish shorthand "~
(babel)             in language  on input line 754.
Package babel Info: Redefining spanish shorthand "!
(babel)             in language  on input line 754.
Package babel Info: Redefining spanish shorthand "?
(babel)             in language  on input line 754.
 [31]
LaTeX Info: Redefining \. on input line 798.
LaTeX Info: Redefining \% on input line 798.
LaTeX Info: Redefining \. on input line 798.
LaTeX Info: Redefining \% on input line 798.
Package babel Info: Redefining spanish shorthand <<
(babel)             in language  on input line 798.
Package babel Info: Redefining spanish shorthand >>
(babel)             in language  on input line 798.
Package babel Info: Redefining spanish shorthand "=
(babel)             in language  on input line 798.
Package babel Info: Redefining spanish shorthand "~
(babel)             in language  on input line 798.
Package babel Info: Redefining spanish shorthand "!
(babel)             in language  on input line 798.
Package babel Info: Redefining spanish shorthand "?
(babel)             in language  on input line 798.
Package babel Info: Redefining spanish shorthand <<
(babel)             in language  on input line 798.
Package babel Info: Redefining spanish shorthand >>
(babel)             in language  on input line 798.
Package babel Info: Redefining spanish shorthand "=
(babel)             in language  on input line 798.
Package babel Info: Redefining spanish shorthand "~
(babel)             in language  on input line 798.
Package babel Info: Redefining spanish shorthand "!
(babel)             in language  on input line 798.
Package babel Info: Redefining spanish shorthand "?
(babel)             in language  on input line 798.
 [32]
LaTeX Info: Redefining \. on input line 811.
LaTeX Info: Redefining \% on input line 811.
LaTeX Info: Redefining \. on input line 811.
LaTeX Info: Redefining \% on input line 811.
Package babel Info: Redefining spanish shorthand <<
(babel)             in language  on input line 811.
Package babel Info: Redefining spanish shorthand >>
(babel)             in language  on input line 811.
Package babel Info: Redefining spanish shorthand "=
(babel)             in language  on input line 811.
Package babel Info: Redefining spanish shorthand "~
(babel)             in language  on input line 811.
Package babel Info: Redefining spanish shorthand "!
(babel)             in language  on input line 811.
Package babel Info: Redefining spanish shorthand "?
(babel)             in language  on input line 811.
Package babel Info: Redefining spanish shorthand <<
(babel)             in language  on input line 811.
Package babel Info: Redefining spanish shorthand >>
(babel)             in language  on input line 811.
Package babel Info: Redefining spanish shorthand "=
(babel)             in language  on input line 811.
Package babel Info: Redefining spanish shorthand "~
(babel)             in language  on input line 811.
Package babel Info: Redefining spanish shorthand "!
(babel)             in language  on input line 811.
Package babel Info: Redefining spanish shorthand "?
(babel)             in language  on input line 811.
 [33]) (./Capitulo5/capitulo5.tex
Cap\'{\i }tulo 4.
Package babel Info: Redefining spanish shorthand <<
(babel)             in language  on input line 7.
Package babel Info: Redefining spanish shorthand >>
(babel)             in language  on input line 7.
Package babel Info: Redefining spanish shorthand "=
(babel)             in language  on input line 7.
Package babel Info: Redefining spanish shorthand "~
(babel)             in language  on input line 7.
Package babel Info: Redefining spanish shorthand "!
(babel)             in language  on input line 7.
Package babel Info: Redefining spanish shorthand "?
(babel)             in language  on input line 7.
Package babel Info: Redefining spanish shorthand <<
(babel)             in language  on input line 12.
Package babel Info: Redefining spanish shorthand >>
(babel)             in language  on input line 12.
Package babel Info: Redefining spanish shorthand "=
(babel)             in language  on input line 12.
Package babel Info: Redefining spanish shorthand "~
(babel)             in language  on input line 12.
Package babel Info: Redefining spanish shorthand "!
(babel)             in language  on input line 12.
Package babel Info: Redefining spanish shorthand "?
(babel)             in language  on input line 12.
Package babel Info: Redefining spanish shorthand <<
(babel)             in language  on input line 20.
Package babel Info: Redefining spanish shorthand >>
(babel)             in language  on input line 20.
Package babel Info: Redefining spanish shorthand "=
(babel)             in language  on input line 20.
Package babel Info: Redefining spanish shorthand "~
(babel)             in language  on input line 20.
Package babel Info: Redefining spanish shorthand "!
(babel)             in language  on input line 20.
Package babel Info: Redefining spanish shorthand "?
(babel)             in language  on input line 20.
Package babel Info: Redefining spanish shorthand <<
(babel)             in language  on input line 23.
Package babel Info: Redefining spanish shorthand >>
(babel)             in language  on input line 23.
Package babel Info: Redefining spanish shorthand "=
(babel)             in language  on input line 23.
Package babel Info: Redefining spanish shorthand "~
(babel)             in language  on input line 23.
Package babel Info: Redefining spanish shorthand "!
(babel)             in language  on input line 23.
Package babel Info: Redefining spanish shorthand "?
(babel)             in language  on input line 23.
Package babel Info: Redefining spanish shorthand <<
(babel)             in language  on input line 23.
Package babel Info: Redefining spanish shorthand >>
(babel)             in language  on input line 23.
Package babel Info: Redefining spanish shorthand "=
(babel)             in language  on input line 23.
Package babel Info: Redefining spanish shorthand "~
(babel)             in language  on input line 23.
Package babel Info: Redefining spanish shorthand "!
(babel)             in language  on input line 23.
Package babel Info: Redefining spanish shorthand "?
(babel)             in language  on input line 23.
[34


]
LaTeX Info: Redefining \. on input line 30.
LaTeX Info: Redefining \% on input line 30.
LaTeX Info: Redefining \. on input line 30.
LaTeX Info: Redefining \% on input line 30.
Package babel Info: Redefining spanish shorthand <<
(babel)             in language  on input line 30.
Package babel Info: Redefining spanish shorthand >>
(babel)             in language  on input line 30.
Package babel Info: Redefining spanish shorthand "=
(babel)             in language  on input line 30.
Package babel Info: Redefining spanish shorthand "~
(babel)             in language  on input line 30.
Package babel Info: Redefining spanish shorthand "!
(babel)             in language  on input line 30.
Package babel Info: Redefining spanish shorthand "?
(babel)             in language  on input line 30.
Package babel Info: Redefining spanish shorthand <<
(babel)             in language  on input line 30.
Package babel Info: Redefining spanish shorthand >>
(babel)             in language  on input line 30.
Package babel Info: Redefining spanish shorthand "=
(babel)             in language  on input line 30.
Package babel Info: Redefining spanish shorthand "~
(babel)             in language  on input line 30.
Package babel Info: Redefining spanish shorthand "!
(babel)             in language  on input line 30.
Package babel Info: Redefining spanish shorthand "?
(babel)             in language  on input line 30.
 [35]) (./Bibliografia/bibliografia.tex
Package babel Info: Redefining spanish shorthand <<
(babel)             in language  on input line 7.
Package babel Info: Redefining spanish shorthand >>
(babel)             in language  on input line 7.
Package babel Info: Redefining spanish shorthand "=
(babel)             in language  on input line 7.
Package babel Info: Redefining spanish shorthand "~
(babel)             in language  on input line 7.
Package babel Info: Redefining spanish shorthand "!
(babel)             in language  on input line 7.
Package babel Info: Redefining spanish shorthand "?
(babel)             in language  on input line 7.
Package babel Info: Redefining spanish shorthand <<
(babel)             in language  on input line 7.
Package babel Info: Redefining spanish shorthand >>
(babel)             in language  on input line 7.
Package babel Info: Redefining spanish shorthand "=
(babel)             in language  on input line 7.
Package babel Info: Redefining spanish shorthand "~
(babel)             in language  on input line 7.
Package babel Info: Redefining spanish shorthand "!
(babel)             in language  on input line 7.
Package babel Info: Redefining spanish shorthand "?
(babel)             in language  on input line 7.
 [36

]
Underfull \hbox (badness 1655) in paragraph at lines 10--11
[] \T1/cmr/m/n/12 Re-po-si-to-rio del pro-yec-to. [][]$\T1/cmtt/m/n/12 https : 
/ / github . com / joseangeldiazg /
 []


Underfull \hbox (badness 10000) in paragraph at lines 16--17
[] \T1/cmr/m/n/12 Com-pe-ti-cion en Kag-gle. [][]$\T1/cmtt/m/n/12 https : / / w
ww . kaggle . com / c /
 []

)
Package atveryend Info: Empty hook `BeforeClearDocument' on input line 50.
Package babel Info: Redefining spanish shorthand <<
(babel)             in language  on input line 50.
Package babel Info: Redefining spanish shorthand >>
(babel)             in language  on input line 50.
Package babel Info: Redefining spanish shorthand "=
(babel)             in language  on input line 50.
Package babel Info: Redefining spanish shorthand "~
(babel)             in language  on input line 50.
Package babel Info: Redefining spanish shorthand "!
(babel)             in language  on input line 50.
Package babel Info: Redefining spanish shorthand "?
(babel)             in language  on input line 50.
Package babel Info: Redefining spanish shorthand <<
(babel)             in language  on input line 50.
Package babel Info: Redefining spanish shorthand >>
(babel)             in language  on input line 50.
Package babel Info: Redefining spanish shorthand "=
(babel)             in language  on input line 50.
Package babel Info: Redefining spanish shorthand "~
(babel)             in language  on input line 50.
Package babel Info: Redefining spanish shorthand "!
(babel)             in language  on input line 50.
Package babel Info: Redefining spanish shorthand "?
(babel)             in language  on input line 50.
 [37

]
Package atveryend Info: Empty hook `AfterLastShipout' on input line 50.
 (./Principal.aux
LaTeX Info: Redefining \. on input line 23.
LaTeX Info: Redefining \% on input line 23.
)
Package atveryend Info: Executing hook `AtVeryEndDocument' on input line 50.
Package atveryend Info: Executing hook `AtEndAfterFileList' on input line 50.
Package rerunfilecheck Info: File `Principal.out' has not changed.
(rerunfilecheck)             Checksum: B1423AFBBD936805D885F2B7D4500E3C;1432.


LaTeX Warning: There were undefined references.


LaTeX Warning: Label(s) may have changed. Rerun to get cross-references right.

Package atveryend Info: Empty hook `AtVeryVeryEnd' on input line 50.
 ) 
Here is how much of TeX's memory you used:
 11085 strings out of 493089
 157847 string characters out of 6134842
 308444 words of memory out of 5000000
 13651 multiletter control sequences out of 15000+600000
 19165 words of font info for 45 fonts, out of 8000000 for 9000
 1142 hyphenation exceptions out of 8191
 38i,12n,43p,1072b,2632s stack positions out of 5000i,500n,10000p,200000b,80000s
{/usr/local/texlive/2015/texmf-dist/fonts/enc/dvips/cm-super/cm-super-t1.enc}
</usr/local/texlive/2015/texmf-dist/fonts/type1/public/amsfonts/cm/cmsy10.pfb><
/usr/local/texlive/2015/texmf-dist/fonts/type1/public/cm-super/sfbi1200.pfb></u
sr/local/texlive/2015/texmf-dist/fonts/type1/public/cm-super/sfbx1200.pfb></usr
/local/texlive/2015/texmf-dist/fonts/type1/public/cm-super/sfcc1200.pfb></usr/l
ocal/texlive/2015/texmf-dist/fonts/type1/public/cm-super/sfcc1728.pfb></usr/loc
al/texlive/2015/texmf-dist/fonts/type1/public/cm-super/sfrm0600.pfb></usr/local
/texlive/2015/texmf-dist/fonts/type1/public/cm-super/sfrm1000.pfb></usr/local/t
exlive/2015/texmf-dist/fonts/type1/public/cm-super/sfrm1200.pfb></usr/local/tex
live/2015/texmf-dist/fonts/type1/public/cm-super/sfsl1200.pfb></usr/local/texli
ve/2015/texmf-dist/fonts/type1/public/cm-super/sfti1200.pfb></usr/local/texlive
/2015/texmf-dist/fonts/type1/public/cm-super/sftt1200.pfb>
Output written on Principal.pdf (38 pages, 472069 bytes).
PDF statistics:
 1191 PDF objects out of 1200 (max. 8388607)
 1119 compressed objects within 12 object streams
 735 named destinations out of 1000 (max. 500000)
 225 words of extra memory for PDF output out of 10000 (max. 10000000)

