\BOOKMARK [0][-]{chapter.1}{Introducci\363n}{}% 1
\BOOKMARK [1][-]{section.1.1}{Motivaci\363n}{chapter.1}% 2
\BOOKMARK [1][-]{section.1.2}{Problema y Dataset}{chapter.1}% 3
\BOOKMARK [2][-]{subsection.1.2.1}{Evaluaci\363n}{section.1.2}% 4
\BOOKMARK [1][-]{section.1.3}{Herramientas y objetivos}{chapter.1}% 5
\BOOKMARK [2][-]{subsection.1.3.1}{Hardware}{section.1.3}% 6
\BOOKMARK [2][-]{subsection.1.3.2}{Software}{section.1.3}% 7
\BOOKMARK [2][-]{subsection.1.3.3}{Objetivos}{section.1.3}% 8
\BOOKMARK [1][-]{section.1.4}{Organizaci\363n del trabajo}{chapter.1}% 9
\BOOKMARK [0][-]{chapter.2}{Planificaci\363n}{}% 10
\BOOKMARK [1][-]{section.2.1}{Metodolog\355as de Deep Learning}{chapter.2}% 11
\BOOKMARK [1][-]{section.2.2}{Planificaci\363n temporal}{chapter.2}% 12
\BOOKMARK [1][-]{section.2.3}{Desarrollo}{chapter.2}% 13
\BOOKMARK [0][-]{chapter.3}{Preprocesado}{}% 14
\BOOKMARK [1][-]{section.3.1}{Resize data}{chapter.3}% 15
\BOOKMARK [1][-]{section.3.2}{Data Augmentation}{chapter.3}% 16
\BOOKMARK [1][-]{section.3.3}{Filtros de ruido}{chapter.3}% 17
\BOOKMARK [0][-]{chapter.4}{Clasificaci\363n con Redes Neuronales}{}% 18
\BOOKMARK [1][-]{section.4.1}{From Scratch}{chapter.4}% 19
\BOOKMARK [1][-]{section.4.2}{Transfer Learning}{chapter.4}% 20
\BOOKMARK [1][-]{section.4.3}{Fine Tunning}{chapter.4}% 21
\BOOKMARK [0][-]{chapter.5}{Conclusiones y v\355as futuras}{}% 22
\BOOKMARK [1][-]{section.5.1}{V\355as futuras}{chapter.5}% 23
\BOOKMARK [1][-]{section.5.2}{Conclusiones finales}{chapter.5}% 24
